* ******************************************************************************

* iCEcube Packer

* Version:            2017.08.27940

* Build Date:         Sep 11 2017 16:52:36

* File Generated:     Aug 16 2018 01:01:26

* Purpose:            General info of design implementation

* Copyright (C) 2006-2010 by Lattice Semiconductor Corp. All rights reserved.

* ******************************************************************************

Command Line: C:\lscc\iCEcube2.2017.08\sbt_backend\bin\win32\opt\packer.exe  C:\lscc\iCEcube2.2017.08\sbt_backend\devices\ICE40P01.dev  C:/git/FPGA/Segment_Display/Segment_Display_Implmnt\sbt\netlist\oadb-Project_7_Segment_Top  --package  VQ100  --outdir  C:/git/FPGA/Segment_Display/Segment_Display_Implmnt\sbt\outputs\packer  --translator  C:\lscc\iCEcube2.2017.08\sbt_backend\bin\sdc_translator.tcl  --src_sdc_file  C:/git/FPGA/Segment_Display/Segment_Display_Implmnt\sbt\outputs\placer\Project_7_Segment_Top_pl.sdc  --dst_sdc_file  C:/git/FPGA/Segment_Display/Segment_Display_Implmnt\sbt\outputs\packer\Project_7_Segment_Top_pk.sdc  --devicename  iCE40HX1K  

***** Device Info *****
Chip: iCE40HX1K
Package: VQ100
Size: 12 X 16

***** Design Utilization Info *****
Design: Project_7_Segment_Top
Used Logic Cell: 46/1280
Used Logic Tile: 10/160
Used IO Cell:    9/112
Used Bram Cell For iCE40: 0/16
Used PLL For iCE40: 0/0
Ram Cascading Used: 0
Lut Cascading Used: 1

***** Clock Info *****
Clock Domain: i_Clk_c_g
Clock Source: i_clk 
Clock Driver: i_Clk_ibuf_gb_io (ICE_GB_IO)
Driver Position: (0, 8, 1)
Fanout to FF: 31
Fanout to Tile: 9


***** Placement Info *****
Logic cell utilization per tile
    . . . . + . . . . 1 . . . . 
   ----------------------------
17|                             
16|   0 0 0 0 0 0 0 0 0 0 0 0   
15|   0 0 0 0 0 0 0 0 0 0 0 0   
14|   1 5 0 0 0 0 0 0 0 0 0 0   
13|   0 0 0 0 0 0 0 0 0 0 0 0   
12|   8 0 0 0 0 0 0 0 0 0 0 0   
11|   1 1 0 0 0 0 0 0 0 0 0 0   
10|   6 8 0 0 0 0 0 0 0 0 0 0   
 9|   7 8 0 0 0 0 0 0 0 0 0 0   
 8|   1 0 0 0 0 0 0 0 0 0 0 0   
 7|   0 0 0 0 0 0 0 0 0 0 0 0   
 6|   0 0 0 0 0 0 0 0 0 0 0 0   
 5|   0 0 0 0 0 0 0 0 0 0 0 0   
 4|   0 0 0 0 0 0 0 0 0 0 0 0   
 3|   0 0 0 0 0 0 0 0 0 0 0 0   
 2|   0 0 0 0 0 0 0 0 0 0 0 0   
 1|   0 0 0 0 0 0 0 0 0 0 0 0   
 0|                             

Maximum number of Logic cells per logic tile: 8
Average number of Logic cells per logic tile: 4.60

***** Input Pin Density Info *****
Number of input nets per logic tile
     .  .  .  .  +  .  .  .  .  1  .  .  .  . 
   ------------------------------------------
17|                                           
16|     0  0  0  0  0  0  0  0  0  0  0  0    
15|     0  0  0  0  0  0  0  0  0  0  0  0    
14|     4  4  0  0  0  0  0  0  0  0  0  0    
13|     0  0  0  0  0  0  0  0  0  0  0  0    
12|     9  0  0  0  0  0  0  0  0  0  0  0    
11|     1  2  0  0  0  0  0  0  0  0  0  0    
10|    12 16  0  0  0  0  0  0  0  0  0  0    
 9|    21 16  0  0  0  0  0  0  0  0  0  0    
 8|     4  0  0  0  0  0  0  0  0  0  0  0    
 7|     0  0  0  0  0  0  0  0  0  0  0  0    
 6|     0  0  0  0  0  0  0  0  0  0  0  0    
 5|     0  0  0  0  0  0  0  0  0  0  0  0    
 4|     0  0  0  0  0  0  0  0  0  0  0  0    
 3|     0  0  0  0  0  0  0  0  0  0  0  0    
 2|     0  0  0  0  0  0  0  0  0  0  0  0    
 1|     0  0  0  0  0  0  0  0  0  0  0  0    
 0|                                           

Maximum number of input nets per logic tile: 21
Average number of input nets per logic tile: 8.90

Number of input pins per logic tile
     .  .  .  .  +  .  .  .  .  1  .  .  .  . 
   ------------------------------------------
17|                                           
16|     0  0  0  0  0  0  0  0  0  0  0  0    
15|     0  0  0  0  0  0  0  0  0  0  0  0    
14|     4 20  0  0  0  0  0  0  0  0  0  0    
13|     0  0  0  0  0  0  0  0  0  0  0  0    
12|    28  0  0  0  0  0  0  0  0  0  0  0    
11|     1  2  0  0  0  0  0  0  0  0  0  0    
10|    17 16  0  0  0  0  0  0  0  0  0  0    
 9|    28 16  0  0  0  0  0  0  0  0  0  0    
 8|     4  0  0  0  0  0  0  0  0  0  0  0    
 7|     0  0  0  0  0  0  0  0  0  0  0  0    
 6|     0  0  0  0  0  0  0  0  0  0  0  0    
 5|     0  0  0  0  0  0  0  0  0  0  0  0    
 4|     0  0  0  0  0  0  0  0  0  0  0  0    
 3|     0  0  0  0  0  0  0  0  0  0  0  0    
 2|     0  0  0  0  0  0  0  0  0  0  0  0    
 1|     0  0  0  0  0  0  0  0  0  0  0  0    
 0|                                           

Maximum number of input pins per logic tile: 28
Average number of input pins per logic tile: 13.60

***** Run Time Info *****
Run Time:  1
