Running in Lattice mode


Starting:    C:\lscc\iCEcube2.2017.08\synpbase\bin64\mbin\synbatch.exe
Install:     C:\lscc\iCEcube2.2017.08\synpbase
Hostname:    SR-LT113
Date:        Tue Aug 14 20:47:04 2018
Version:     L-2016.09L+ice40

Arguments:   -product synplify_pro -batch And_Gate_syn.prj
ProductType: synplify_pro





log file: "C:\git\FPGA\And_Gate\And_Gate_Implmnt\And_Gate.srr"
Running: And_Gate_Implmnt in foreground

Running And_Gate_syn|And_Gate_Implmnt

Running: compile (Compile) on And_Gate_syn|And_Gate_Implmnt
# Tue Aug 14 20:47:04 2018

Running: compile_flow (Compile Process) on And_Gate_syn|And_Gate_Implmnt
# Tue Aug 14 20:47:04 2018

Running: compiler (Compile Input) on And_Gate_syn|And_Gate_Implmnt
# Tue Aug 14 20:47:04 2018
Copied C:\git\FPGA\And_Gate\And_Gate_Implmnt\synwork\And_Gate_comp.srs to C:\git\FPGA\And_Gate\And_Gate_Implmnt\And_Gate.srs

compiler completed
# Tue Aug 14 20:47:06 2018

Return Code: 0
Run Time:00h:00m:02s

Running: multi_srs_gen (Multi-srs Generator) on And_Gate_syn|And_Gate_Implmnt
# Tue Aug 14 20:47:06 2018

multi_srs_gen completed
# Tue Aug 14 20:47:06 2018

Return Code: 0
Run Time:00h:00m:00s
Copied C:\git\FPGA\And_Gate\And_Gate_Implmnt\synwork\And_Gate_mult.srs to C:\git\FPGA\And_Gate\And_Gate_Implmnt\And_Gate.srs
Complete: Compile Process on And_Gate_syn|And_Gate_Implmnt

Running: premap (Pre-mapping) on And_Gate_syn|And_Gate_Implmnt
# Tue Aug 14 20:47:06 2018

premap completed
# Tue Aug 14 20:47:08 2018

Return Code: 0
Run Time:00h:00m:02s
Complete: Compile on And_Gate_syn|And_Gate_Implmnt

Running: map (Map) on And_Gate_syn|And_Gate_Implmnt
# Tue Aug 14 20:47:08 2018
License granted for 4 parallel jobs

Running: fpga_mapper (Map & Optimize) on And_Gate_syn|And_Gate_Implmnt
# Tue Aug 14 20:47:08 2018
Copied C:\git\FPGA\And_Gate\And_Gate_Implmnt\synwork\And_Gate_m.srm to C:\git\FPGA\And_Gate\And_Gate_Implmnt\And_Gate.srm

fpga_mapper completed
# Tue Aug 14 20:47:11 2018

Return Code: 0
Run Time:00h:00m:03s
Complete: Map on And_Gate_syn|And_Gate_Implmnt
Complete: Logic Synthesis on And_Gate_syn|And_Gate_Implmnt

exit status=0

exit status=0

