* ******************************************************************************

* iCEcube Report

* Version:            2017.08.27940

* Build Date:         Sep 11 2017 16:52:36

* File Generated:     Aug 16 2018 00:33:50

* Purpose:            General info of design implementation

* Copyright (C) 2006-2010 by Lattice Semiconductor Corp. All rights reserved.

* ******************************************************************************

Synthesis/Placement Summary:
----------------------------
    Status:  Successful
    Runtime: 1 seconds

Device Info:
------------
    Device Family: iCE40
    Device:        iCE40HX1K
    Package:       VQ100

Design statistics:
------------------
    FFs:                  21
    LUTs:                 32
    RAMs:                 0
    IOBs:                 3
    GBs:                  2
    PLLs:                 0
    Warm Boots:           0

Logic Resource Utilization:
---------------------------
    Total Logic Cells: 33/1280
        Combinational Logic Cells: 12       out of   1280      0.9375%
        Sequential Logic Cells:    21       out of   1280      1.64063%
        Logic Tiles:               6        out of   160       3.75%
    Registers: 
        Logic Registers:           21       out of   1280      1.64063%
        IO Registers:              0        out of   560       0
    Block RAMs:                    0        out of   16        0%
    Warm Boots:                    0        out of   1         0%
    Pins:
        Input Pins:                2        out of   72        2.77778%
        Output Pins:               1        out of   72        1.38889%
        InOut Pins:                0        out of   72        0%
    Global Buffers:                2        out of   8         25%
    PLLs:                          0        out of   0       

IO Bank Utilization:
--------------------
    Bank 3: 3        out of   18        16.6667%
    Bank 1: 0        out of   19        0%
    Bank 0: 0        out of   19        0%
    Bank 2: 0        out of   16        0%

Detailed I/O Info:
------------------
    Input Pins: 
    Pin Number  Direction  IO Standard  Pull Up  IO Bank  IO Function    Signal Name 
    ----------  ---------  -----------  -------  -------  -----------    ----------- 
    12          Input      SB_LVCMOS    No       3        Simple Input   i_Switch_1  
    13          Input      SB_LVCMOS    No       3        Simple Input   i_Clk       

    Output Pins: 
    Pin Number  Direction  IO Standard  Pull Up  IO Bank  IO Function    Signal Name 
    ----------  ---------  -----------  -------  -------  -----------    ----------- 
    25          Output     SB_LVCMOS    No       3        Simple Output  o_LED_1     

Detailed Global Buffer Info:
----------------------------
    Buffer Number  IO Bank  Driven By  Fanout  Signal Name             
    -------------  -------  ---------  ------  -----------             
    4              3        IO         21      i_Clk_c_g               
    6              3                   18      Instance.r_Count12_i_g  
